0 verbose cli /usr/bin/node-18 /usr/bin/npm
1 info using npm@10.5.0
2 info using node@v18.20.2
3 timing npm:load:whichnode Completed in 23ms
4 timing config:load:defaults Completed in 13ms
5 timing config:load:file:/usr/lib/node_modules_18/npm/npmrc Completed in 43ms
6 timing config:load:builtin Completed in 43ms
7 timing config:load:cli Completed in 3ms
8 timing config:load:env Completed in 1ms
9 timing config:load:project Completed in 1ms
10 timing config:load:file:/home/cloudshell-user/.npmrc Completed in 1ms
11 timing config:load:user Completed in 1ms
12 timing config:load:file:/etc/npmrc Completed in 1ms
13 timing config:load:global Completed in 1ms
14 timing config:load:setEnvs Completed in 2ms
15 timing config:load Completed in 66ms
16 timing npm:load:configload Completed in 68ms
17 timing config:load:flatten Completed in 4ms
18 timing npm:load:mkdirpcache Completed in 1ms
19 timing npm:load:mkdirplogs Completed in 0ms
20 verbose title npm create vite@latest profilesapp --template react
21 verbose argv "create" "vite@latest" "profilesapp" "--" "--template" "react"
22 timing npm:load:setTitle Completed in 2ms
23 timing npm:load:display Completed in 1ms
24 verbose logfile logs-max:10 dir:/home/cloudshell-user/.npm/_logs/2024-09-24T21_16_02_310Z-
25 verbose logfile /home/cloudshell-user/.npm/_logs/2024-09-24T21_16_02_310Z-debug-0.log
26 timing npm:load:logFile Completed in 59ms
27 timing npm:load:timers Completed in 0ms
28 timing npm:load:configScope Completed in 0ms
29 timing npm:load Completed in 182ms
30 silly logfile done cleaning log files
31 timing arborist:ctor Completed in 2ms
32 http fetch GET 200 https://registry.npmjs.org/create-vite 189ms (cache revalidated)
33 timing arborist:ctor Completed in 1ms
34 timing arborist:ctor Completed in 1ms
35 timing idealTree:init Completed in 11ms
36 timing idealTree:userRequests Completed in 8ms
37 silly idealTree buildDeps
38 silly fetch manifest create-vite@5.5.2
39 http fetch GET 200 https://registry.npmjs.org/create-vite 106ms (cache miss)
40 silly placeDep ROOT create-vite@5.5.2 OK for:  want: 5.5.2
41 timing idealTree:#root Completed in 132ms
42 timing idealTree:node_modules/create-vite Completed in 0ms
43 timing idealTree:buildDeps Completed in 134ms
44 timing idealTree:fixDepFlags Completed in 1ms
45 timing idealTree Completed in 158ms
46 timing reify:loadTrees Completed in 158ms
47 timing reify:diffTrees Completed in 1ms
48 silly reify moves {}
49 timing reify:retireShallow Completed in 2ms
50 timing reify:createSparse Completed in 2ms
51 timing reify:loadBundles Completed in 0ms
52 silly audit bulk request { 'create-vite': [ '5.5.2' ] }
53 silly tarball no local data for create-vite@https://registry.npmjs.org/create-vite/-/create-vite-5.5.2.tgz. Extracting by manifest.
54 http fetch POST 200 https://registry.npmjs.org/-/npm/v1/security/advisories/bulk 118ms
55 timing auditReport:getReport Completed in 121ms
56 silly audit report {}
57 timing auditReport:init Completed in 0ms
58 timing reify:audit Completed in 123ms
59 http fetch GET 200 https://registry.npmjs.org/create-vite/-/create-vite-5.5.2.tgz 509ms (cache miss)
60 timing reifyNode:node_modules/create-vite Completed in 521ms
61 timing reify:unpack Completed in 521ms
62 timing reify:unretire Completed in 0ms
63 timing build:queue Completed in 2ms
64 timing build:link:node_modules/create-vite Completed in 6ms
65 timing build:link Completed in 7ms
66 timing build:deps Completed in 11ms
67 timing build Completed in 11ms
68 timing reify:build Completed in 11ms
69 timing reify:trash Completed in 0ms
70 timing reify:save Completed in 8ms
71 timing reify Completed in 719ms
72 timing command:create Completed in 3880ms
73 verbose exit 0
74 timing npm Completed in 4385ms
75 info ok
